IQ-TREE version 3.1.3 for Windows 64-bit built Jun 19 2026
Developed by Bui Quang Minh, Thomas Wong, Nhan Ly-Trong, Huaiyan Ren
Contributed by Lam-Tung Nguyen, Dominik Schrempf, Chris Bielow,
Olga Chernomor, Michael Woodhams, Diep Thi Hoang, Heiko Schmidt

Host:    Zahids-Desktop (AVX2, FMA3, 31 GB RAM)
Command: C:\Users\zahid\Documents\Research\U6_project\bin\..\tools\iqtree-3.1.3-Windows\iqtree-3.1.3-Windows\bin\iqtree3.exe -s results\flu_h3_ha_nt_small_aligned.fasta -m MFP -T AUTO --prefix results\flu_h3_ha_nt_small_iqtree
Seed:    461822 (Using SPRNG - Scalable Parallel Random Number Generator)
Time:    Sat Jul 04 11:02:09 2026
Kernel:  AVX+FMA - auto-detect threads (16 CPU cores detected)

Reading alignment file results\flu_h3_ha_nt_small_aligned.fasta ... Fasta format detected
Reading fasta file: done in 0.0008176 secs
Alignment most likely contains DNA/RNA sequences
Constructing alignment: done in 0.0022992 secs using 679.6% CPU
Alignment has 30 sequences with 1701 columns, 124 distinct patterns
198 parsimony-informative, 64 singleton sites, 1439 constant sites
            Gap/Ambiguity  Composition  p-value
Analyzing sequences: done in 0.0001286 secs
   1  JQ290188.1    0.00%    passed     99.57%
   2  JQ290180.1    0.00%    passed     99.57%
   3  JQ290172.1    0.00%    passed     99.57%
   4  JQ290164.1    0.00%    passed     99.51%
   5  KM064505.1    0.00%    passed     96.38%
   6  KM064322.1    0.06%    passed     98.01%
   7  KM064301.1    0.06%    passed     98.59%
   8  GQ895050.1    0.00%    passed     99.94%
   9  GQ895044.1    0.06%    passed     99.41%
  10  GQ895037.1    0.06%    passed     99.88%
  11  GQ895034.1    0.00%    passed     99.99%
  12  GQ895031.1    0.06%    passed     99.93%
  13  GQ895027.1    0.00%    passed     99.98%
  14  GQ895022.1    0.00%    passed     99.99%
  15  GQ895019.1    0.06%    passed     99.66%
  16  GQ895010.1    0.00%    passed    100.00%
  17  GQ895003.1    0.00%    passed     99.88%
  18  GQ895000.1    0.00%    passed     99.98%
  19  GQ894995.1    0.00%    passed     99.96%
  20  GQ385935.1    0.00%    passed     99.99%
  21  GQ385932.1    0.06%    passed     99.92%
  22  GQ385931.1    0.06%    passed     99.98%
  23  GQ385929.1    0.00%    passed     99.89%
  24  GQ385926.1    0.00%    passed     99.23%
  25  GQ385923.1    0.00%    passed    100.00%
  26  GQ385920.1    0.00%    passed     99.98%
  27  GQ385918.1    0.00%    passed     99.94%
  28  GQ385915.1    0.00%    passed     99.90%
  29  GQ385912.1    0.12%    passed     99.97%
  30  GQ385909.1    0.00%    passed     96.66%
****  TOTAL         0.02%  0 sequences failed composition chi2 test (p-value<5%; df=3)
NOTE: JQ290180.1 is identical to JQ290188.1 but kept for subsequent analysis
Checking for duplicate sequences: done in 0.0001306 secs
Identifying sites to remove: done in 0.001236 secs
NOTE: 1 identical sequences (see below) will be ignored for subsequent analysis
NOTE: JQ290172.1 (identical to JQ290188.1) is ignored but added at the end
Alignment was printed to results\flu_h3_ha_nt_small_iqtree.uniqueseq.phy

For your convenience alignment with unique sequences printed to results\flu_h3_ha_nt_small_iqtree.uniqueseq.phy


Create initial parsimony tree by phylogenetic likelihood library (PLL)... 0.001 seconds
Measuring multi-threading efficiency up to 16 CPU cores
Increase to 10 rounds for branch lengths
4166 trees examined
Threads: 1 / Time: 16.001 sec / Speedup: 1.000 / Efficiency: 100% / LogL: -5536
Threads: 2 / Time: 13.129 sec / Speedup: 1.219 / Efficiency: 61% / LogL: -5536
Threads: 3 / Time: 13.977 sec / Speedup: 1.145 / Efficiency: 38% / LogL: -5536
Determining AUTO threadcount: done in 43.1081 secs using 195.5% CPU
BEST NUMBER OF THREADS: 2

Perform fast likelihood tree search using GTR+I+G model...
Estimate model parameters (epsilon = 5.000)
Perform nearest neighbor interchange...
Estimate model parameters (epsilon = 1.000)
1. Initial log-likelihood: -4017.964
Optimal log-likelihood: -4017.909
Rate parameters:  A-C: 1.99891  A-G: 7.87642  A-T: 0.85517  C-G: 0.00010  C-T: 8.46446  G-T: 1.00000
Warning! Some parameters hit the boundaries
Base frequencies:  A: 0.339  C: 0.199  G: 0.221  T: 0.241
Proportion of invariable sites: 0.421
Gamma shape alpha: 1.399
Parameters optimization took 1 rounds (0.007 sec)
Time for fast ML tree search: 0.036 seconds

NOTE: ModelFinder requires 1 MB RAM!
ModelFinder will test up to 968 DNA models (sample size: 1701 epsilon: 0.100) ...
 No. Model         -LnL         df  AIC          AICc         BIC
WARNING: Number of threads seems too high for short alignments. Use -T AUTO to determine best number of threads.
WARNING: Number of threads seems too high for short alignments. Use -T AUTO to determine best number of threads.
WARNING: Number of threads seems too high for short alignments. Use -T AUTO to determine best number of threads.
WARNING: Number of threads seems too high for short alignments. Use -T AUTO to determine best number of threads.
WARNING: Number of threads seems too high for short alignments. Use -T AUTO to determine best number of threads.
WARNING: Number of threads seems too high for short alignments. Use -T AUTO to determine best number of threads.
WARNING: Number of threads seems too high for short alignments. Use -T AUTO to determine best number of threads.
WARNING: Number of threads seems too high for short alignments. Use -T AUTO to determine best number of threads.
WARNING: Number of threads seems too high for short alignments. Use -T AUTO to determine best number of threads.
WARNING: Number of threads seems too high for short alignments. Use -T AUTO to determine best number of threads.
WARNING: Number of threads seems too high for short alignments. Use -T AUTO to determine best number of threads.
WARNING: Number of threads seems too high for short alignments. Use -T AUTO to determine best number of threads.
WARNING: Number of threads seems too high for short alignments. Use -T AUTO to determine best number of threads.
WARNING: Number of threads seems too high for short alignments. Use -T AUTO to determine best number of threads.
WARNING: Number of threads seems too high for short alignments. Use -T AUTO to determine best number of threads.
WARNING: Number of threads seems too high for short alignments. Use -T AUTO to determine best number of threads.
WARNING: Number of threads seems too high for short alignments. Use -T AUTO to determine best number of threads.
WARNING: Number of threads seems too high for short alignments. Use -T AUTO to determine best number of threads.
WARNING: Number of threads seems too high for short alignments. Use -T AUTO to determine best number of threads.
WARNING: Number of threads seems too high for short alignments. Use -T AUTO to determine best number of threads.
WARNING: Number of threads seems too high for short alignments. Use -T AUTO to determine best number of threads.
WARNING: Number of threads seems too high for short alignments. Use -T AUTO to determine best number of threads.
WARNING: Number of threads seems too high for short alignments. Use -T AUTO to determine best number of threads.
WARNING: Number of threads seems too high for short alignments. Use -T AUTO to determine best number of threads.
WARNING: Number of threads seems too high for short alignments. Use -T AUTO to determine best number of threads.
WARNING: Number of threads seems too high for short alignments. Use -T AUTO to determine best number of threads.
WARNING: Number of threads seems too high for short alignments. Use -T AUTO to determine best number of threads.
WARNING: Number of threads seems too high for short alignments. Use -T AUTO to determine best number of threads.
WARNING: Number of threads seems too high for short alignments. Use -T AUTO to determine best number of threads.
WARNING: Number of threads seems too high for short alignments. Use -T AUTO to determine best number of threads.
WARNING: Number of threads seems too high for short alignments. Use -T AUTO to determine best number of threads.
WARNING: Number of threads seems too high for short alignments. Use -T AUTO to determine best number of threads.
WARNING: Number of threads seems too high for short alignments. Use -T AUTO to determine best number of threads.
WARNING: Number of threads seems too high for short alignments. Use -T AUTO to determine best number of threads.
WARNING: Number of threads seems too high for short alignments. Use -T AUTO to determine best number of threads.
WARNING: Number of threads seems too high for short alignments. Use -T AUTO to determine best number of threads.
WARNING: Number of threads seems too high for short alignments. Use -T AUTO to determine best number of threads.
WARNING: Number of threads seems too high for short alignments. Use -T AUTO to determine best number of threads.
WARNING: Number of threads seems too high for short alignments. Use -T AUTO to determine best number of threads.
WARNING: Number of threads seems too high for short alignments. Use -T AUTO to determine best number of threads.
WARNING: Number of threads seems too high for short alignments. Use -T AUTO to determine best number of threads.
WARNING: Number of threads seems too high for short alignments. Use -T AUTO to determine best number of threads.
WARNING: Number of threads seems too high for short alignments. Use -T AUTO to determine best number of threads.
WARNING: Number of threads seems too high for short alignments. Use -T AUTO to determine best number of threads.
WARNING: Number of threads seems too high for short alignments. Use -T AUTO to determine best number of threads.
WARNING: Number of threads seems too high for short alignments. Use -T AUTO to determine best number of threads.
WARNING: Number of threads seems too high for short alignments. Use -T AUTO to determine best number of threads.
WARNING: Number of threads seems too high for short alignments. Use -T AUTO to determine best number of threads.
WARNING: Number of threads seems too high for short alignments. Use -T AUTO to determine best number of threads.
WARNING: Number of threads seems too high for short alignments. Use -T AUTO to determine best number of threads.
WARNING: Number of threads seems too high for short alignments. Use -T AUTO to determine best number of threads.
WARNING: Number of threads seems too high for short alignments. Use -T AUTO to determine best number of threads.
WARNING: Number of threads seems too high for short alignments. Use -T AUTO to determine best number of threads.
WARNING: Number of threads seems too high for short alignments. Use -T AUTO to determine best number of threads.
WARNING: Number of threads seems too high for short alignments. Use -T AUTO to determine best number of threads.
WARNING: Number of threads seems too high for short alignments. Use -T AUTO to determine best number of threads.
WARNING: Number of threads seems too high for short alignments. Use -T AUTO to determine best number of threads.
WARNING: Number of threads seems too high for short alignments. Use -T AUTO to determine best number of threads.
WARNING: Number of threads seems too high for short alignments. Use -T AUTO to determine best number of threads.
WARNING: Number of threads seems too high for short alignments. Use -T AUTO to determine best number of threads.
WARNING: Number of threads seems too high for short alignments. Use -T AUTO to determine best number of threads.
WARNING: Number of threads seems too high for short alignments. Use -T AUTO to determine best number of threads.
WARNING: Number of threads seems too high for short alignments. Use -T AUTO to determine best number of threads.
WARNING: Number of threads seems too high for short alignments. Use -T AUTO to determine best number of threads.
WARNING: Number of threads seems too high for short alignments. Use -T AUTO to determine best number of threads.
WARNING: Number of threads seems too high for short alignments. Use -T AUTO to determine best number of threads.
WARNING: Number of threads seems too high for short alignments. Use -T AUTO to determine best number of threads.
WARNING: Number of threads seems too high for short alignments. Use -T AUTO to determine best number of threads.
WARNING: Number of threads seems too high for short alignments. Use -T AUTO to determine best number of threads.
WARNING: Number of threads seems too high for short alignments. Use -T AUTO to determine best number of threads.
WARNING: Number of threads seems too high for short alignments. Use -T AUTO to determine best number of threads.
WARNING: Number of threads seems too high for short alignments. Use -T AUTO to determine best number of threads.
WARNING: Number of threads seems too high for short alignments. Use -T AUTO to determine best number of threads.
WARNING: Number of threads seems too high for short alignments. Use -T AUTO to determine best number of threads.
WARNING: Number of threads seems too high for short alignments. Use -T AUTO to determine best number of threads.
WARNING: Number of threads seems too high for short alignments. Use -T AUTO to determine best number of threads.
WARNING: Number of threads seems too high for short alignments. Use -T AUTO to determine best number of threads.
WARNING: Number of threads seems too high for short alignments. Use -T AUTO to determine best number of threads.
WARNING: Number of threads seems too high for short alignments. Use -T AUTO to determine best number of threads.
WARNING: Number of threads seems too high for short alignments. Use -T AUTO to determine best number of threads.
WARNING: Number of threads seems too high for short alignments. Use -T AUTO to determine best number of threads.
WARNING: Number of threads seems too high for short alignments. Use -T AUTO to determine best number of threads.
WARNING: Number of threads seems too high for short alignments. Use -T AUTO to determine best number of threads.
WARNING: Number of threads seems too high for short alignments. Use -T AUTO to determine best number of threads.
WARNING: Number of threads seems too high for short alignments. Use -T AUTO to determine best number of threads.
WARNING: Number of threads seems too high for short alignments. Use -T AUTO to determine best number of threads.
WARNING: Number of threads seems too high for short alignments. Use -T AUTO to determine best number of threads.
WARNING: Number of threads seems too high for short alignments. Use -T AUTO to determine best number of threads.
WARNING: Number of threads seems too high for short alignments. Use -T AUTO to determine best number of threads.
WARNING: Number of threads seems too high for short alignments. Use -T AUTO to determine best number of threads.
WARNING: Number of threads seems too high for short alignments. Use -T AUTO to determine best number of threads.
WARNING: Number of threads seems too high for short alignments. Use -T AUTO to determine best number of threads.
WARNING: Number of threads seems too high for short alignments. Use -T AUTO to determine best number of threads.
WARNING: Number of threads seems too high for short alignments. Use -T AUTO to determine best number of threads.
WARNING: Number of threads seems too high for short alignments. Use -T AUTO to determine best number of threads.
WARNING: Number of threads seems too high for short alignments. Use -T AUTO to determine best number of threads.
WARNING: Number of threads seems too high for short alignments. Use -T AUTO to determine best number of threads.
WARNING: Number of threads seems too high for short alignments. Use -T AUTO to determine best number of threads.
WARNING: Number of threads seems too high for short alignments. Use -T AUTO to determine best number of threads.
WARNING: Number of threads seems too high for short alignments. Use -T AUTO to determine best number of threads.
WARNING: Number of threads seems too high for short alignments. Use -T AUTO to determine best number of threads.
WARNING: Number of threads seems too high for short alignments. Use -T AUTO to determine best number of threads.
WARNING: Number of threads seems too high for short alignments. Use -T AUTO to determine best number of threads.
WARNING: Number of threads seems too high for short alignments. Use -T AUTO to determine best number of threads.
WARNING: Number of threads seems too high for short alignments. Use -T AUTO to determine best number of threads.
WARNING: Number of threads seems too high for short alignments. Use -T AUTO to determine best number of threads.
WARNING: Number of threads seems too high for short alignments. Use -T AUTO to determine best number of threads.
WARNING: Number of threads seems too high for short alignments. Use -T AUTO to determine best number of threads.
WARNING: Number of threads seems too high for short alignments. Use -T AUTO to determine best number of threads.
WARNING: Number of threads seems too high for short alignments. Use -T AUTO to determine best number of threads.
WARNING: Number of threads seems too high for short alignments. Use -T AUTO to determine best number of threads.
WARNING: Number of threads seems too high for short alignments. Use -T AUTO to determine best number of threads.
WARNING: Number of threads seems too high for short alignments. Use -T AUTO to determine best number of threads.
WARNING: Number of threads seems too high for short alignments. Use -T AUTO to determine best number of threads.
WARNING: Number of threads seems too high for short alignments. Use -T AUTO to determine best number of threads.
WARNING: Number of threads seems too high for short alignments. Use -T AUTO to determine best number of threads.
WARNING: Number of threads seems too high for short alignments. Use -T AUTO to determine best number of threads.
WARNING: Number of threads seems too high for short alignments. Use -T AUTO to determine best number of threads.
WARNING: Number of threads seems too high for short alignments. Use -T AUTO to determine best number of threads.
WARNING: Number of threads seems too high for short alignments. Use -T AUTO to determine best number of threads.
WARNING: Number of threads seems too high for short alignments. Use -T AUTO to determine best number of threads.
WARNING: Number of threads seems too high for short alignments. Use -T AUTO to determine best number of threads.
WARNING: Number of threads seems too high for short alignments. Use -T AUTO to determine best number of threads.
WARNING: Number of threads seems too high for short alignments. Use -T AUTO to determine best number of threads.
WARNING: Number of threads seems too high for short alignments. Use -T AUTO to determine best number of threads.
WARNING: Number of threads seems too high for short alignments. Use -T AUTO to determine best number of threads.
WARNING: Number of threads seems too high for short alignments. Use -T AUTO to determine best number of threads.
WARNING: Number of threads seems too high for short alignments. Use -T AUTO to determine best number of threads.
WARNING: Number of threads seems too high for short alignments. Use -T AUTO to determine best number of threads.
WARNING: Number of threads seems too high for short alignments. Use -T AUTO to determine best number of threads.
WARNING: Number of threads seems too high for short alignments. Use -T AUTO to determine best number of threads.
WARNING: Number of threads seems too high for short alignments. Use -T AUTO to determine best number of threads.
WARNING: Number of threads seems too high for short alignments. Use -T AUTO to determine best number of threads.
WARNING: Number of threads seems too high for short alignments. Use -T AUTO to determine best number of threads.
WARNING: Number of threads seems too high for short alignments. Use -T AUTO to determine best number of threads.
WARNING: Number of threads seems too high for short alignments. Use -T AUTO to determine best number of threads.
Akaike Information Criterion:           TVM+F+G4
Corrected Akaike Information Criterion: TVM+F+G4
Bayesian Information Criterion:         K3Pu+F+G4
Best-fit model: K3Pu+F+G4 chosen according to BIC

All model information printed to results\flu_h3_ha_nt_small_iqtree.model.gz
CPU time for ModelFinder: 87.438 seconds (0h:1m:27s)
Wall-clock time for ModelFinder: 44.546 seconds (0h:0m:44s)

NOTE: 0 MB RAM (0 GB) is required!
WARNING: Number of threads seems too high for short alignments. Use -T AUTO to determine best number of threads.
Estimate model parameters (epsilon = 0.100)
1. Initial log-likelihood: -4022.998
2. Current log-likelihood: -4022.306
Optimal log-likelihood: -4022.291
Rate parameters:  A-C: 1.00000  A-G: 4.64121  A-T: 0.32871  C-G: 0.32871  C-T: 4.64121  G-T: 1.00000
Base frequencies:  A: 0.339  C: 0.199  G: 0.221  T: 0.241
Gamma shape alpha: 0.362
Parameters optimization took 2 rounds (0.004 sec)
Wrote distance file to... 
Computing ML distances based on estimated model parameters...
Calculating distance matrix: done in 0.0021681 secs
Computing ML distances took 0.002302 sec (of wall-clock time) 0.000000 sec (of CPU time)
Setting up auxiliary I and S matrices: done in 0.0001 secs
Constructing RapidNJ tree: done in 0.0001032 secs
Computing RapidNJ tree took 0.000308 sec (of wall-clock time) 0.000000 sec (of CPU time)
Log-likelihood of RapidNJ tree: -4020.552
--------------------------------------------------------------------
|             INITIALIZING CANDIDATE TREE SET                      |
--------------------------------------------------------------------
Generating 98 parsimony trees... 0.103 second
Computing log-likelihood of 98 initial trees ... 0.089 seconds
Current best score: -4016.281

Do NNI search on 20 best initial trees
Estimate model parameters (epsilon = 0.100)
BETTER TREE FOUND at iteration 1: -4016.265
BETTER TREE FOUND at iteration 10: -4016.261
Iteration 10 / LogL: -4016.261 / Time: 0h:0m:44s
Iteration 20 / LogL: -4018.355 / Time: 0h:0m:44s
Finish initializing candidate tree set (20)
Current best tree score: -4016.261 / CPU time: 0.324
Number of iterations: 20
--------------------------------------------------------------------
|               OPTIMIZING CANDIDATE TREE SET                      |
--------------------------------------------------------------------
Iteration 30 / LogL: -4016.276 / Time: 0h:0m:45s (0h:0m:1s left)
Iteration 40 / LogL: -4016.277 / Time: 0h:0m:45s (0h:0m:1s left)
Iteration 50 / LogL: -4016.272 / Time: 0h:0m:45s (0h:0m:1s left)
Iteration 60 / LogL: -4018.425 / Time: 0h:0m:45s (0h:0m:0s left)
Iteration 70 / LogL: -4016.266 / Time: 0h:0m:45s (0h:0m:0s left)
Iteration 80 / LogL: -4016.280 / Time: 0h:0m:45s (0h:0m:0s left)
Iteration 90 / LogL: -4016.268 / Time: 0h:0m:45s (0h:0m:0s left)
Iteration 100 / LogL: -4016.271 / Time: 0h:0m:46s (0h:0m:0s left)
Iteration 110 / LogL: -4050.161 / Time: 0h:0m:46s (0h:0m:0s left)
TREE SEARCH COMPLETED AFTER 111 ITERATIONS / Time: 0h:0m:46s

--------------------------------------------------------------------
|                    FINALIZING TREE SEARCH                        |
--------------------------------------------------------------------
Performs final model parameters optimization
Estimate model parameters (epsilon = 0.010)
1. Initial log-likelihood: -4016.261
Optimal log-likelihood: -4016.261
Rate parameters:  A-C: 1.00000  A-G: 4.63990  A-T: 0.33376  C-G: 0.33376  C-T: 4.63990  G-T: 1.00000
Base frequencies:  A: 0.339  C: 0.199  G: 0.221  T: 0.241
Gamma shape alpha: 0.377
Parameters optimization took 1 rounds (0.002 sec)
BEST SCORE FOUND : -4016.261
Total tree length: 0.206

Total number of iterations: 111
CPU time used for tree search: 3.078 sec (0h:0m:3s)
Wall-clock time used for tree search: 1.610 sec (0h:0m:1s)
Total CPU time used: 90.609 sec (0h:1m:30s)
Total wall-clock time used: 46.196 sec (0h:0m:46s)

Analysis results written to: 
  IQ-TREE report:                results\flu_h3_ha_nt_small_iqtree.iqtree
  Maximum-likelihood tree:       results\flu_h3_ha_nt_small_iqtree.treefile
  Likelihood distances:          results\flu_h3_ha_nt_small_iqtree.mldist
  Screen log file:               results\flu_h3_ha_nt_small_iqtree.log

Date and Time: Sat Jul 04 11:02:55 2026
